< < < compute_invariants_by_propagation_with_farkas()
----------------------------- 
| The Locations read in are: 
----------------------------- 

Location: B1
# of variables: 4
「 l: 0, vars_num: 4, dual_num: 10 」
Initial Condition: [[ 
| 
├ 1 * n -1 * n0  = 0 
├ 1 * x -1 * x0  = 0 
├ -1 * x  + 1 * n -1 >= 0
| 
]]
Invariant: [[ 
| 
├ 1 * n -1 * n0  = 0 
├ -1 * x  + 1 * n -1 >= 0
├ 1 * x -1 * x0  >= 0
| 
]]

Location: le
# of variables: 4
「 l: 5, vars_num: 4, dual_num: 10 」
[ no initial condition set]
Disjunctive Invariant: [[ 
  
1 * x -1 * n  = 0 
1 * x -1 * n0  = 0 
1 * x -1 * x0 -1 >= 0
  
]]

/---------------------------------------- 
| Disjunctive Invariants before Program: 
----------------------------------------- 
1 * n -1 * n0  = 0 
-1 * x  + 1 * n -1 >= 0
1 * x -1 * x0  >= 0
\---------------------------------------- 

/----------------------------- 
| Status after Solver: 
