< < < compute_invariants_by_propagation_with_farkas()	      <
----------------------------- 				      <
| The Locations read in are: 				      <
----------------------------- 				      <
							      <
Location: b1						      <
# of variables: 3					      <
「 l: 0, vars_num: 3, dual_num: 20 」			      <
Initial Condition: [[ 					      <
| 							      <
├ 1 * f  = 0 						      <
├ 1 * y  = 0 						      <
├ 1 * x  = 0 						      <
| 							      <
]]							      <
Invariant: [[ 						      <
| 							      <
├ 1 * f  = 0 						      <
├ 1 * x -1 * y  = 0 					      <
├ -1 * x  + 48 >= 0					      <
├ 1 * x  >= 0						      <
| 							      <
]]							      <
							      <
Location: b2						      <
# of variables: 3					      <
「 l: 4, vars_num: 3, dual_num: 20 」			      <
Initial Condition: [[ 					      <
| 							      <
├ 1 * f  = 0 						      <
├ 1 * y -49 = 0 					      <
├ 1 * x -49 = 0 					      <
| 							      <
]]							      <
Invariant: [[ 						      <
| 							      <
├ 1 * f  = 0 						      <
├ 1 * x  + 1 * y -98 = 0 				      <
├ -1 * x  + 98 >= 0					      <
├ 1 * x -49 >= 0					      <
| 							      <
]]							      <
							      <
Location: b3						      <
# of variables: 3					      <
「 l: 8, vars_num: 3, dual_num: 20 」			      <
Initial Condition: [[ 					      <
| 							      <
├ 1 * f  = 0 						      <
├ 1 * y  + 1 = 0 					      <
├ 1 * x -99 = 0 					      <
| 							      <
]]							      <
Invariant: [[ 						      <
| 							      <
├ 1 * f  = 0 						      <
├ 1 * y  + 1 = 0 					      <
├ 1 * x -99 = 0 					      <
| 							      <
]]							      <
							      <
Location: b4						      <
# of variables: 3					      <
「 l: 12, vars_num: 3, dual_num: 20 」			      <
[ no initial condition set]				      <
Invariant: [[ 						      <
| 							      <
├  True							      <
| 							      <
]]							      <
							      <
Location: le						      <
# of variables: 3					      <
「 l: 16, vars_num: 3, dual_num: 20 」			      <
[ no initial condition set]				      <
Disjunctive Invariant: [[ 				      <
  							      <
1 * f -1 = 0 						      <
1 * x -99 = 0 						      <
1 * y  + 2 = 0 						      <
  							      <
]]							      <
							      <
/---------------------------------------- 		      <
| Disjunctive Invariants before Program: 		      <
----------------------------------------- 		      <
1 * f  = 0 						      <
1 * x -1 * y  = 0 					      <
-1 * x  + 48 >= 0					      <
1 * x  >= 0						      <
\/							      <
1 * f  = 0 						      <
1 * x  + 1 * y -98 = 0 					      <
-1 * x  + 98 >= 0					      <
1 * x -49 >= 0						      <
\/							      <
1 * f  = 0 						      <
1 * y  + 1 = 0 						      <
1 * x -99 = 0 						      <
\/							      <
True							      <
\---------------------------------------- 		      <
							      <
/----------------------------- 				      <
| Status after Solver: 					      <
