< < < compute_invariants_by_propagation_with_farkas()
----------------------------- 
| The Locations read in are: 
----------------------------- 

Location: b1
# of variables: 6
「 l: 0, vars_num: 6, dual_num: 21 」
Initial Condition: [[ 
| 
├ 1 * t -1 * t0  = 0 
├ 1 * p0  = 0 
├ 1 * p  = 0 
├ 1 * x -1 * x0  = 0 
| 
]]
Invariant: [[ 
| 
├ 2 * x -2 * x0  + 3 * p0 -1 * t  + 1 * t0  = 0 
├ 1 * p  = 0 
├ -1 * p0  + 1 >= 0
├ 1 * x -1 * x0  + 1 * p0  >= 0
├ 1 * p0  >= 0
| 
]]

Location: b2
# of variables: 6
「 l: 7, vars_num: 6, dual_num: 21 」
Initial Condition: [[ 
| 
├ 1 * t -1 * t0  = 0 
├ 1 * p0 -1 = 0 
├ 1 * p -1 = 0 
├ 1 * x -1 * x0  = 0 
| 
]]
Invariant: [[ 
| 
├ 2 * x -2 * x0  + 3 * p0 -1 * t  + 1 * t0 -3 = 0 
├ 1 * p -1 = 0 
├ -1 * p0  + 1 >= 0
├ 1 * x -1 * x0  + 2 * p0 -2 >= 0
├ 1 * p0  >= 0
| 
]]

Location: le
# of variables: 6
「 l: 14, vars_num: 6, dual_num: 21 」
[ no initial condition set]
Disjunctive Invariant: [[ 
  
1 * t -100 = 0 
1 * p -1 = 0 
2 * x -2 * x0  + 3 * p0  + 1 * t0 -103 = 0 
1 * p0  >= 0
-1 * p0 -1 * t0  + 99 >= 0
-1 * p0  + 1 >= 0

\/

1 * p  = 0 
1 * t -100 = 0 
2 * x -2 * x0  + 3 * p0  + 1 * t0 -100 = 0 
1 * p0  >= 0
-1 * p0  + 1 >= 0
1 * p0 -1 * t0  + 98 >= 0
  
]]

/---------------------------------------- 
| Disjunctive Invariants before Program: 
----------------------------------------- 
2 * x -2 * x0  + 3 * p0 -1 * t  + 1 * t0  = 0 
1 * p  = 0 
-1 * p0  + 1 >= 0
1 * x -1 * x0  + 1 * p0  >= 0
1 * p0  >= 0
\/
2 * x -2 * x0  + 3 * p0 -1 * t  + 1 * t0 -3 = 0 
1 * p -1 = 0 
-1 * p0  + 1 >= 0
1 * x -1 * x0  + 2 * p0 -2 >= 0
1 * p0  >= 0
\---------------------------------------- 

/----------------------------- 
| Status after Solver: 
