< < < compute_invariants_by_propagation_with_farkas()
----------------------------- 
| The Locations read in are: 
----------------------------- 

Location: b1
# of variables: 8
「 l: 0, vars_num: 8, dual_num: 27 」
Initial Condition: [[ 
| 
├ 1 * k4  = 0 
├ 1 * k3  = 0 
├ 1 * k2  = 0 
├ 1 * k1  = 0 
├ 1 * j  = 0 
├ 1 * i  = 0 
├ -1 * m  + 1 * n -1 >= 0
├ 1 * m -1 >= 0
| 
]]
Invariant: [[ 
| 
├ 1 * k4  = 0 
├ 1 * i -1 * k3  = 0 
├ 1 * i -1 * k2  = 0 
├ -1 * m  + 1 * n -1 >= 0
├ -1 * j  + 1 * k1  >= 0
├ 1 * j  >= 0
├ 1 * i  >= 0
├ 1 * n -1 * i -1 >= 0
├ 1 * m -1 * j -1 >= 0
| 
]]

Location: b2
# of variables: 8
「 l: 9, vars_num: 8, dual_num: 27 」
Initial Condition: [[ 
| 
├ 1 * k4  = 0 
├ 1 * i -1 * k3  = 0 
├ 1 * i -1 * k2  + 1 = 0 
├ 1 * m -1 * j  = 0 
├ -1 * m  + 1 * k1  + 1 >= 0
├ -1 * m  + 1 * n -1 >= 0
├ 1 * i  >= 0
├ 1 * n -1 * i -1 >= 0
├ 1 * m -1 >= 0
| 
]]
Invariant: [[ 
| 
├ 1 * k4  = 0 
├ 1 * i -1 * k3  = 0 
├ 1 * i -1 * k2  + 1 = 0 
├ 1 * m -1 * j  = 0 
├ -1 * m  + 1 * k1  + 1 >= 0
├ -1 * m  + 1 * n -1 >= 0
├ 1 * i  >= 0
├ 1 * n -1 * i -1 >= 0
├ 1 * m -1 >= 0
| 
]]

Location: le
# of variables: 8
「 l: 18, vars_num: 8, dual_num: 27 」
[ no initial condition set]
Disjunctive Invariant: [[ 
  
1 * k4 -1 = 0 
1 * n -1 * k2  = 0 
1 * n -1 * k3 -1 = 0 
1 * n -1 * i  = 0 
1 * j  = 0 
1 * m -1 >= 0
-1 * m  + 1 * n -1 >= 0
-1 * m  + 1 * k1  + 1 >= 0
  
]]

/---------------------------------------- 
| Disjunctive Invariants before Program: 
----------------------------------------- 
1 * k4  = 0 
1 * i -1 * k3  = 0 
1 * i -1 * k2  = 0 
-1 * m  + 1 * n -1 >= 0
-1 * j  + 1 * k1  >= 0
1 * j  >= 0
1 * i  >= 0
1 * n -1 * i -1 >= 0
1 * m -1 * j -1 >= 0
\/
1 * k4  = 0 
1 * i -1 * k3  = 0 
1 * i -1 * k2  + 1 = 0 
1 * m -1 * j  = 0 
-1 * m  + 1 * k1  + 1 >= 0
-1 * m  + 1 * n -1 >= 0
1 * i  >= 0
1 * n -1 * i -1 >= 0
1 * m -1 >= 0
\---------------------------------------- 

/----------------------------- 
| Status after Solver: 
