< < < compute_invariants_by_propagation_with_farkas()
----------------------------- 
| The Locations read in are: 
----------------------------- 

Location: b1
# of variables: 3
「 l: 0, vars_num: 3, dual_num: 12 」
Initial Condition: [[ 
| 
├ 1 * z -1 = 0 
├ 1 * x  = 0 
├ 1 * n -100 = 0 
| 
]]
Invariant: [[ 
| 
├ 1 * x -1 * z  + 1 = 0 
├ 1 * n -100 = 0 
├ -1 * x  + 99 >= 0
├ 1 * x  >= 0
| 
]]

Location: b2
# of variables: 3
「 l: 4, vars_num: 3, dual_num: 12 」
Initial Condition: [[ 
| 
├ 1 * x -1 * z  = 0 
├ 1 * n -100 = 0 
├ 1 * x -1 >= 0
├ -1 * x  + 99 >= 0
| 
]]
Invariant: [[ 
| 
├ 1 * x -1 * z  = 0 
├ 1 * n -100 = 0 
├ -1 * x  + 99 >= 0
├ 1 * x -1 >= 0
| 
]]

Location: le
# of variables: 3
「 l: 8, vars_num: 3, dual_num: 12 」
[ no initial condition set]
Disjunctive Invariant: [[ 
  
1 * z -100 = 0 
1 * n -100 = 0 
1 * x -100 = 0 
  
]]

/---------------------------------------- 
| Disjunctive Invariants before Program: 
----------------------------------------- 
1 * x -1 * z  + 1 = 0 
1 * n -100 = 0 
-1 * x  + 99 >= 0
1 * x  >= 0
\/
1 * x -1 * z  = 0 
1 * n -100 = 0 
-1 * x  + 99 >= 0
1 * x -1 >= 0
\---------------------------------------- 

/----------------------------- 
| Status after Solver: 
