< < < compute_invariants_by_propagation_with_farkas()
----------------------------- 
| The Locations read in are: 
----------------------------- 

Location: b1
# of variables: 4
「 l: 0, vars_num: 4, dual_num: 10 」
Initial Condition: [[ 
| 
├ 1 * k  = 0 
├ -1 * i  + 1 * m -1 >= 0
├ -1 * j  + 1 * m -1 >= 0
├ 1 * j -1 >= 0
| 
]]
Invariant: [[ 
| 
├ -1 * i  + 1 * m -1 >= 0
├ -1 * j  + 1 * m -1 >= 0
├ 1 * k  >= 0
├ 1 * j -1 >= 0
| 
]]

Location: le
# of variables: 4
「 l: 5, vars_num: 4, dual_num: 10 」
[ no initial condition set]
Disjunctive Invariant: [[ 
  
1 * k -1 >= 0
1 * j -1 >= 0
1 * i -1 * m  >= 0
-1 * j  + 1 * m -1 >= 0
-1 * i  + 2 * m -2 >= 0
  
]]

/---------------------------------------- 
| Disjunctive Invariants before Program: 
----------------------------------------- 
-1 * i  + 1 * m -1 >= 0
-1 * j  + 1 * m -1 >= 0
1 * k  >= 0
1 * j -1 >= 0
\---------------------------------------- 

/----------------------------- 
| Status after Solver: 
