< < < compute_invariants_by_propagation_with_farkas()
----------------------------- 
| The Locations read in are: 
----------------------------- 

Location: b1
# of variables: 3
「 l: 0, vars_num: 3, dual_num: 16 」
Initial Condition: [[ 
| 
├ 1 * x3 -1 >= 0
├ 1 * x2 -1 >= 0
├ 1 * x1 -1 >= 0
| 
]]
Invariant: [[ 
| 
├ 1 * x3 -1 >= 0
├ 1 * x2 -1 >= 0
├ 1 * x1 -1 >= 0
| 
]]

Location: b2
# of variables: 3
「 l: 4, vars_num: 3, dual_num: 16 」
Initial Condition: [[ 
| 
├ 1 * x3 -1 >= 0
├ 1 * x2 -1 >= 0
├ 1 * x1 -1 >= 0
| 
]]
Invariant: [[ 
| 
├  True
| 
]]

Location: b3
# of variables: 3
「 l: 8, vars_num: 3, dual_num: 16 」
Initial Condition: [[ 
| 
├ 1 * x3 -1 >= 0
├ 1 * x2 -1 >= 0
├ 1 * x1 -1 >= 0
| 
]]
Invariant: [[ 
| 
├  True
| 
]]

Location: le
# of variables: 3
「 l: 12, vars_num: 3, dual_num: 16 」
[ no initial condition set]
Disjunctive Invariant: [[ 
  
1 * x1  = 0 
1 * x2 -1 >= 0
1 * x3 -1 >= 0

\/

1 * x1 -1 >= 0
1 * x3 -1 >= 0
-1 * x2  >= 0

\/

1 * x1 -1 >= 0
1 * x2 -1 >= 0
-1 * x3  >= 0
  
]]

/---------------------------------------- 
| Disjunctive Invariants before Program: 
----------------------------------------- 
1 * x3 -1 >= 0
1 * x2 -1 >= 0
1 * x1 -1 >= 0
\/
True
\/
True
\---------------------------------------- 

/----------------------------- 
| Status after Solver: 
