< < < compute_invariants_by_propagation_with_farkas()
----------------------------- 
| The Locations read in are: 
----------------------------- 

Location: b1
# of variables: 6
「 l: 0, vars_num: 6, dual_num: 28 」
Initial Condition: [[ 
| 
├ 1 * x2 -1 * x20  = 0 
├ 1 * x1 -1 * x10  = 0 
├ 1 * s0 -1 = 0 
├ 1 * s -1 = 0 
| 
]]
Invariant: [[ 
| 
├ 1 * x1 -1 * x10 -1 * x2  + 1 * x20  = 0 
├ 1 * s0 -1 = 0 
├ 1 * s -1 = 0 
├ 1 * x1 -1 * x10  >= 0
| 
]]

Location: b2
# of variables: 6
「 l: 7, vars_num: 6, dual_num: 28 」
Initial Condition: [[ 
| 
├ 1 * x1 -1 * x10 -1 * x2  + 1 * x20 -1 = 0 
├ 1 * s0 -1 = 0 
├ 1 * s -2 = 0 
├ 1 * x1 -1 * x10 -1 >= 0
| 
]]
Invariant: [[ 
| 
├ 1 * x1 -1 * x10 -1 * x2  + 1 * x20 -1 = 0 
├ 1 * s0 -1 = 0 
├ 1 * s -2 = 0 
├ 1 * x1 -1 * x10 -1 >= 0
| 
]]

Location: b3
# of variables: 6
「 l: 14, vars_num: 6, dual_num: 28 」
Initial Condition: [[ 
| 
├ 1 * x1 -1 * x10 -1 * x2  + 1 * x20  = 0 
├ 1 * s0 -1 = 0 
├ 1 * s -3 = 0 
├ 1 * x1 -1 * x10 -1 >= 0
| 
]]
Invariant: [[ 
| 
├ 1 * x1 -1 * x10 -1 * x2  + 1 * x20  = 0 
├ 1 * s0 -1 = 0 
├ 1 * s -3 = 0 
├ 1 * x1 -1 * x10 -1 >= 0
| 
]]

Location: b4
# of variables: 6
「 l: 21, vars_num: 6, dual_num: 28 」
Initial Condition: [[ 
| 
├ 1 * x1 -1 * x10 -1 * x2  + 1 * x20  = 0 
├ 1 * s0 -1 = 0 
├ 1 * s -4 = 0 
├ 1 * x1 -1 * x10 -1 >= 0
| 
]]
Invariant: [[ 
| 
├ 1 * x1 -1 * x10 -1 * x2  + 1 * x20  = 0 
├ 1 * s0 -1 = 0 
├ 1 * s -4 = 0 
├ 1 * x1 -1 * x10 -1 >= 0
| 
]]

/---------------------------------------- 
| Disjunctive Invariants before Program: 
----------------------------------------- 
1 * x1 -1 * x10 -1 * x2  + 1 * x20  = 0 
1 * s0 -1 = 0 
1 * s -1 = 0 
1 * x1 -1 * x10  >= 0
\/
1 * x1 -1 * x10 -1 * x2  + 1 * x20 -1 = 0 
1 * s0 -1 = 0 
1 * s -2 = 0 
1 * x1 -1 * x10 -1 >= 0
\/
1 * x1 -1 * x10 -1 * x2  + 1 * x20  = 0 
1 * s0 -1 = 0 
1 * s -3 = 0 
1 * x1 -1 * x10 -1 >= 0
\/
1 * x1 -1 * x10 -1 * x2  + 1 * x20  = 0 
1 * s0 -1 = 0 
1 * s -4 = 0 
1 * x1 -1 * x10 -1 >= 0
\---------------------------------------- 

/----------------------------- 
| Status after Solver: 
