< < < compute_invariants_by_propagation_with_farkas()
----------------------------- 
| The Locations read in are: 
----------------------------- 

Location: B1
# of variables: 4
「 l: 0, vars_num: 4, dual_num: 25 」
Initial Condition: [[ 
| 
├ 481 * x -241 * y -3372 >= 0
├ -55 * x -11 * y  + 1686 >= 0
├ -1 * x  + 1 * y  + 12 >= 0
├ 1 * y -6 >= 0
├ 1 * x -1 * y -1 >= 0
| 
]]
Invariant: [[ 
| 
├  True
| 
]]

Location: B2
# of variables: 4
「 l: 5, vars_num: 4, dual_num: 25 」
Initial Condition: [[ 
| 
├ 481 * x -241 * y -3372 >= 0
├ -1 * x  + 1 * y  + 12 >= 0
├ -1 * y  + 5 >= 0
| 
]]
Invariant: [[ 
| 
├  True
| 
]]

Location: B3
# of variables: 4
「 l: 10, vars_num: 4, dual_num: 25 」
Initial Condition: [[ 
| 
├ 481 * x -241 * y -3372 >= 0
├ -1 * x  + 1 * y  + 12 >= 0
├ -1 * y  + 5 >= 0
| 
]]
Invariant: [[ 
| 
├  True
| 
]]

Location: B4
# of variables: 4
「 l: 15, vars_num: 4, dual_num: 25 」
Initial Condition: [[ 
| 
├ 1 * y  = 0 
├ 1 * x  = 0 
| 
]]
Invariant: [[ 
| 
├ -55 * x -11 * y  + 1686 >= 0
├ -1 * x  + 1 * y  >= 0
├ 481 * x -241 * y  >= 0
| 
]]

Location: le
# of variables: 4
「 l: 20, vars_num: 4, dual_num: 25 」
[ no initial condition set]
Disjunctive Invariant: [[ 
  
-1 = 0 
  
]]

/---------------------------------------- 
| Disjunctive Invariants before Program: 
----------------------------------------- 
True
\/
True
\/
True
\/
-55 * x -11 * y  + 1686 >= 0
-1 * x  + 1 * y  >= 0
481 * x -241 * y  >= 0
\---------------------------------------- 

/----------------------------- 
| Status after Solver: 
