< < < compute_invariants_by_propagation_with_farkas()
----------------------------- 
| The Locations read in are: 
----------------------------- 

Location: b1
# of variables: 7
「 l: 0, vars_num: 7, dual_num: 16 」
Initial Condition: [[ 
| 
├ 1 * x -1 * o -1 * e0  = 0 
├ 1 * x -1 * o -1 * e  = 0 
├ 1 * x -1 * x0  = 0 
├ 1 * s  >= 0
├ 1 * t  >= 0
| 
]]
Invariant: [[ 
| 
├ 1 * x0 -1 * o -1 * e0  = 0 
├ 1 * x -1 * o -1 * e  = 0 
├ -1 * x  + 1 * x0  >= 0
├ 1 * s  >= 0
├ 1 * t  >= 0
| 
]]

Location: le
# of variables: 7
「 l: 8, vars_num: 7, dual_num: 16 」
[ no initial condition set]
Disjunctive Invariant: [[ 
  
1 * x0 -1 * o -1 * e0  = 0 
1 * x -1 * x0 -1 * e  + 1 * e0  = 0 
1 * t  >= 0
1 * x -1 * x0 -1 * t  + 1 * s  + 1 * e0 -1 >= 0
-1 * x  + 1 * x0 -1 * s  >= 0
-1 * x  + 1 * x0  + 1 * t -1 * e0  >= 0
  
]]

/---------------------------------------- 
| Disjunctive Invariants before Program: 
----------------------------------------- 
1 * x0 -1 * o -1 * e0  = 0 
1 * x -1 * o -1 * e  = 0 
-1 * x  + 1 * x0  >= 0
1 * s  >= 0
1 * t  >= 0
\---------------------------------------- 

/----------------------------- 
| Status after Solver: 
