< < < compute_invariants_by_propagation_with_farkas()
----------------------------- 
| The Locations read in are: 
----------------------------- 

Location: b1
# of variables: 4
「 l: 0, vars_num: 4, dual_num: 10 」
Initial Condition: [[ 
| 
├ 1 * j  = 0 
├ 1 * i  = 0 
| 
]]
Invariant: [[ 
| 
├ -3 * i  + 2 * j  >= 0
├ -1 * j  + 3 >= 0
├ 3 * i -1 * j  >= 0
| 
]]

Location: le
# of variables: 4
「 l: 5, vars_num: 4, dual_num: 10 」
[ no initial condition set]
Disjunctive Invariant: [[ 
  
1 * j -3 = 0 
1 * i -3 = 0 
  
]]

/---------------------------------------- 
| Disjunctive Invariants before Program: 
----------------------------------------- 
-3 * i  + 2 * j  >= 0
-1 * j  + 3 >= 0
3 * i -1 * j  >= 0
\---------------------------------------- 

/----------------------------- 
| Status after Solver: 
