< < < compute_invariants_by_propagation_with_farkas()
----------------------------- 
| The Locations read in are: 
----------------------------- 

Location: b3
# of variables: 4
「 l: 0, vars_num: 4, dual_num: 15 」
Initial Condition: [[ 
| 
├ 1 * y -1 * y0  = 0 
├ 1 * x -1 * x0  = 0 
├ 1 * y -6 >= 0
├ 1 * x -1 * y -1 >= 0
| 
]]
Invariant: [[ 
| 
├ -12 * x  + 12 * x0  + 1 * y -1 * y0  >= 0
├ 1 * y0 -6 >= 0
├ 1 * x -1 * y -1 >= 0
├ 1 * x -1 * x0  >= 0
| 
]]

Location: b4
# of variables: 4
「 l: 5, vars_num: 4, dual_num: 15 」
[ no initial condition set]
Invariant: [[ 
| 
├  True
| 
]]

Location: le
# of variables: 4
「 l: 10, vars_num: 4, dual_num: 15 」
[ no initial condition set]
Disjunctive Invariant: [[ 
  
1 * y0 -6 >= 0
-36 * x  + 36 * x0  + 1 * y -3 * y0  + 36 >= 0
3 * x -1 * y -6 >= 0
1 * x -1 * x0 -1 >= 0
-1 * x  + 1 * y  >= 0
  
]]

/---------------------------------------- 
| Disjunctive Invariants before Program: 
----------------------------------------- 
-12 * x  + 12 * x0  + 1 * y -1 * y0  >= 0
1 * y0 -6 >= 0
1 * x -1 * y -1 >= 0
1 * x -1 * x0  >= 0
\/
True
\---------------------------------------- 

/----------------------------- 
| Status after Solver: 
