< < < compute_invariants_by_propagation_with_farkas()	      <
----------------------------- 				      <
| The Locations read in are: 				      <
----------------------------- 				      <
							      <
Location: b3						      <
# of variables: 4					      <
「 l: 0, n: 4, nd: 15 」				      <
Initial Condition: [[ 					      <
| 							      <
├ 2 * x -2 * x0 -1 * y  + 1 * y0  = 0 			      <
├ 1 * y -6 >= 0						      <
├ -1 * y  + 7 >= 0					      <
├ 1 * x -1 * y -1 >= 0					      <
├ 1 * x -1 * x0 -1 >= 0					      <
| 							      <
]]							      <
Invariant: [[ 						      <
| 							      <
├ -12 * x  + 12 * x0  + 1 * y -6 * y0  + 35 >= 0	      <
├ 1 * x -1 * y -1 >= 0					      <
├ -2 * x  + 2 * x0  + 1 * y -1 * y0  >= 0		      <
├ -1 * y0  + 5 >= 0					      <
├ 2 * x -2 * x0  + 1 * y0 -6 >= 0			      <
├ 1 * x -1 * x0 -1 >= 0					      <
| 							      <
]]							      <
							      <
Location: b4						      <
# of variables: 4					      <
「 l: 5, n: 4, nd: 15 」				      <
Initial Condition: [[ 					      <
| 							      <
├ 1 * y -1 * y0  = 0 					      <
├ 1 * x -1 * x0  = 0 					      <
├ -1 * y  + 5 >= 0					      <
├ 1 * x -1 * y -1 >= 0					      <
| 							      <
]]							      <
Invariant: [[ 						      <
| 							      <
├ 2 * x -2 * x0 -1 * y  + 1 * y0  = 0 			      <
├ 1 * x -1 * x0  >= 0					      <
├ 1 * x -1 * y -1 >= 0					      <
├ -1 * y  + 5 >= 0					      <
| 							      <
]]							      <
							      <
Location: le						      <
# of variables: 4					      <
「 l: 10, n: 4, nd: 15 」				      <
[ no initial condition set]				      <
Disjunctive Invariant: [[ 				      <
  							      <
-1 * y0  + 5 >= 0					      <
-1 * x  + 1 * y  >= 0					      <
-36 * x  + 36 * x0  + 1 * y -18 * y0  + 141 >= 0	      <
-6 * x  + 6 * x0  + 1 * y -3 * y0  + 6 >= 0		      <
2 * x -2 * x0  + 1 * y0 -8 >= 0				      <
1 * x -1 * x0 -2 >= 0					      <
3 * x -1 * y -6 >= 0					      <
							      <
\/							      <
							      <
1 * x -2 * x0  + 1 * y0  = 0 				      <
1 * x -1 * y  = 0 					      <
1 * x -1 * y0 -2 >= 0					      <
-1 * x  + 7 >= 0					      <
  							      <
]]							      <
							      <
/---------------------------------------- 		      <
| Disjunctive Invariants before Program: 		      <
----------------------------------------- 		      <
-12 * x  + 12 * x0  + 1 * y -6 * y0  + 35 >= 0		      <
1 * x -1 * y -1 >= 0					      <
-2 * x  + 2 * x0  + 1 * y -1 * y0  >= 0			      <
-1 * y0  + 5 >= 0					      <
2 * x -2 * x0  + 1 * y0 -6 >= 0				      <
1 * x -1 * x0 -1 >= 0					      <
\/							      <
2 * x -2 * x0 -1 * y  + 1 * y0  = 0 			      <
1 * x -1 * x0  >= 0					      <
1 * x -1 * y -1 >= 0					      <
-1 * y  + 5 >= 0					      <
\---------------------------------------- 		      <
							      <
/----------------------------- 				      <
| Status after Solver: 					      <
