< < < compute_invariants_by_propagation_with_farkas()
----------------------------- 
| The Locations read in are: 
----------------------------- 

Location: b1
# of variables: 4
「 l: 0, n: 4, nd: 15 」
Initial Condition: [[ 
| 
├  False
| 
]]
Invariant: [[ 
| 
├  False
| 
]]

Location: b2
# of variables: 4
「 l: 5, n: 4, nd: 15 」
Initial Condition: [[ 
| 
├ 1 * j -1 * j0  = 0 
├ 1 * i -1 * i0  = 0 
├ -1 * i  + 2 >= 0
├ 1 * j -3 >= 0
| 
]]
Invariant: [[ 
| 
├ 1 * j -1 * j0  = 0 
├ -1 * i  + 2 >= 0
├ 1 * j -3 >= 0
├ 1 * i -1 * i0  >= 0
| 
]]

Location: le
# of variables: 4
「 l: 10, n: 4, nd: 15 」
[ no initial condition set]
Disjunctive Invariant: [[ 
  
1 * j -1 * j0  = 0 
1 * i -3 = 0 
1 * j0 -3 >= 0
-1 * i0  + 2 >= 0
  
]]

/---------------------------------------- 
| Disjunctive Invariants before Program: 
----------------------------------------- 
1 * j -1 * j0  = 0 
-1 * i  + 2 >= 0
1 * j -3 >= 0
1 * i -1 * i0  >= 0
\---------------------------------------- 

/----------------------------- 
| Status after Solver: 
