< < < compute_invariants_by_propagation_with_farkas()	      <
----------------------------- 				      <
| The Locations read in are: 				      <
----------------------------- 				      <
							      <
Location: b1						      <
# of variables: 3					      <
「 l: 0, n: 3, nd: 12 」				      <
Initial Condition: [[ 					      <
| 							      <
├ 1 * z  = 0 						      <
├ 1 * x  = 0 						      <
├ 1 * y -1 >= 0						      <
| 							      <
]]							      <
Invariant: [[ 						      <
| 							      <
├ 1 * z  = 0 						      <
├ 1 * y -1 >= 0						      <
├ 1 * x  >= 0						      <
├ -1 * x  + 1000 * y -1 >= 0				      <
| 							      <
]]							      <
							      <
Location: b2						      <
# of variables: 3					      <
「 l: 4, n: 3, nd: 12 」				      <
Initial Condition: [[ 					      <
| 							      <
├ 1 * z  = 0 						      <
├ 1 * x -1000 * y  = 0 					      <
├ 1 * x -1000 >= 0					      <
| 							      <
]]							      <
Invariant: [[ 						      <
| 							      <
├ 1 * x -1000 * y -1 * z  = 0 				      <
├ -1 * x  + 1000 * y  + 999 >= 0			      <
├ 1 * y -1 >= 0						      <
├ 1 * x -1000 * y  >= 0					      <
| 							      <
]]							      <
							      <
Location: b3						      <
# of variables: 3					      <
「 l: 8, n: 3, nd: 12 」				      <
Initial Condition: [[ 					      <
| 							      <
├ 1 * z -1000 = 0 					      <
├ 1 * x -1000 * y -1000 = 0 				      <
├ 1 * x -2000 >= 0					      <
| 							      <
]]							      <
Invariant: [[ 						      <
| 							      <
├ 1 * z -1000 = 0 					      <
├ 1 * y -1 >= 0						      <
├ 1 * x -1000 * y -1000 >= 0				      <
| 							      <
]]							      <
							      <
/---------------------------------------- 		      <
| Disjunctive Invariants before Program: 		      <
----------------------------------------- 		      <
1 * z  = 0 						      <
1 * y -1 >= 0						      <
1 * x  >= 0						      <
-1 * x  + 1000 * y -1 >= 0				      <
\/							      <
1 * x -1000 * y -1 * z  = 0 				      <
-1 * x  + 1000 * y  + 999 >= 0				      <
1 * y -1 >= 0						      <
1 * x -1000 * y  >= 0					      <
\/							      <
1 * z -1000 = 0 					      <
1 * y -1 >= 0						      <
1 * x -1000 * y -1000 >= 0				      <
\---------------------------------------- 		      <
							      <
/----------------------------- 				      <
| Status after Solver: 					      <
