< < < compute_invariants_by_propagation_with_farkas()	      <
----------------------------- 				      <
| The Locations read in are: 				      <
----------------------------- 				      <
							      <
Location: b1						      <
# of variables: 6					      <
「 l: 0, n: 6, nd: 21 」				      <
Initial Condition: [[ 					      <
| 							      <
├ 1 * z -1 * z0  = 0 					      <
├ 1 * y -1 * y0  = 0 					      <
├ 1 * x -1 * x0  = 0 					      <
| 							      <
]]							      <
Invariant: [[ 						      <
| 							      <
├ 1 * z -1 * z0  = 0 					      <
├ 1 * y -1 * y0  = 0 					      <
├ 1 * x -1 * x0  >= 0					      <
| 							      <
]]							      <
							      <
Location: b2						      <
# of variables: 6					      <
「 l: 7, n: 6, nd: 21 」				      <
Initial Condition: [[ 					      <
| 							      <
├ 1 * z -1 * z0  = 0 					      <
├ 1 * x -1000 * y0  = 0 				      <
├ 1 * x -1000 * y  = 0 					      <
├ 1 * x -1 * x0 -1 >= 0					      <
| 							      <
]]							      <
Invariant: [[ 						      <
| 							      <
├ 1 * x -1000 * y -1 * z  + 1 * z0  = 0 		      <
├ 1 * y -1 * y0  = 0 					      <
├ -1 * x0  + 1000 * y -1 >= 0				      <
├ -1 * x  + 1000 * y  + 999 >= 0			      <
├ 1 * x -1000 * y  >= 0					      <
| 							      <
]]							      <
							      <
Location: b3						      <
# of variables: 6					      <
「 l: 14, n: 6, nd: 21 」				      <
Initial Condition: [[ 					      <
| 							      <
├ 1 * z -1 * z0 -1000 = 0 				      <
├ 1 * x -1000 * y0 -1000 = 0 				      <
├ 1 * x -1000 * y -1000 = 0 				      <
├ 1 * x -1 * x0 -1001 >= 0				      <
| 							      <
]]							      <
Invariant: [[ 						      <
| 							      <
├ 1 * z -1 * z0 -1000 = 0 				      <
├ 1 * y -1 * y0  = 0 					      <
├ -1 * x0  + 1000 * y -1 >= 0				      <
├ 1 * x -1000 * y -1000 >= 0				      <
| 							      <
]]							      <
							      <
/---------------------------------------- 		      <
| Disjunctive Invariants before Program: 		      <
----------------------------------------- 		      <
1 * z -1 * z0  = 0 					      <
1 * y -1 * y0  = 0 					      <
1 * x -1 * x0  >= 0					      <
\/							      <
1 * x -1000 * y -1 * z  + 1 * z0  = 0 			      <
1 * y -1 * y0  = 0 					      <
-1 * x0  + 1000 * y -1 >= 0				      <
-1 * x  + 1000 * y  + 999 >= 0				      <
1 * x -1000 * y  >= 0					      <
\/							      <
1 * z -1 * z0 -1000 = 0 				      <
1 * y -1 * y0  = 0 					      <
-1 * x0  + 1000 * y -1 >= 0				      <
1 * x -1000 * y -1000 >= 0				      <
\---------------------------------------- 		      <
							      <
/----------------------------- 				      <
| Status after Solver: 					      <
