< < < compute_invariants_by_propagation_with_farkas()
----------------------------- 
| The Locations read in are: 
----------------------------- 

Location: b1
# of variables: 6
「 l: 0, vars_num: 6, dual_num: 21 」
Initial Condition: [[ 
| 
├ 1 * cnt2  = 0 
├ 1 * cnt1  = 0 
├ 1 * j -1 * j0  = 0 
├ 1 * i -1 * i0  = 0 
├ -1 * i  + 2 >= 0
├ -1 * j  + 2 >= 0
| 
]]
Invariant: [[ 
| 
├ 1 * cnt2  = 0 
├ 1 * cnt1  = 0 
├ 1 * j -1 * j0  = 0 
├ 1 * i -1 * i0  = 0 
├ -1 * j  + 2 >= 0
├ -1 * i  + 2 >= 0
| 
]]

Location: b2
# of variables: 6
「 l: 7, vars_num: 6, dual_num: 21 」
Initial Condition: [[ 
| 
├ 1 * cnt1 -1 = 0 
├ 1 * j -3 = 0 
├ 1 * i -1 * i0 -1 = 0 
├ -1 * i  + 2 >= 0
├ -1 * j0  + 2 >= 0
| 
]]
Invariant: [[ 
| 
├ 1 * j -3 = 0 
├ -1 * i  + 2 >= 0
├ -1 * j0  + 2 >= 0
├ 1 * i -1 * i0 -1 >= 0
| 
]]

Location: le
# of variables: 6
「 l: 14, vars_num: 6, dual_num: 21 」
[ no initial condition set]
Disjunctive Invariant: [[ 
  
1 * cnt1 -1 = 0 
1 * i -3 = 0 
1 * i0 -2 = 0 
1 * j -3 = 0 
-1 * j0  + 2 >= 0

\/

1 * j -3 = 0 
1 * i -3 = 0 
-1 * j0  + 2 >= 0
-1 * i0  + 1 >= 0
  
]]

/---------------------------------------- 
| Disjunctive Invariants before Program: 
----------------------------------------- 
1 * cnt2  = 0 
1 * cnt1  = 0 
1 * j -1 * j0  = 0 
1 * i -1 * i0  = 0 
-1 * j  + 2 >= 0
-1 * i  + 2 >= 0
\/
1 * j -3 = 0 
-1 * i  + 2 >= 0
-1 * j0  + 2 >= 0
1 * i -1 * i0 -1 >= 0
\---------------------------------------- 

/----------------------------- 
| Status after Solver: 
