< < < compute_invariants_by_propagation_with_farkas()
----------------------------- 
| The Locations read in are: 
----------------------------- 

Location: b1
# of variables: 6
「 l: 0, n: 6, nd: 21 」
[ no initial condition set]
Invariant: [[ 
| 
├  True
| 
]]

Location: b2
# of variables: 6
「 l: 7, n: 6, nd: 21 」
Initial Condition: [[ 
| 
├ 1 * cnt2  = 0 
├ 1 * cnt1  = 0 
├ 1 * j -1 * j0  = 0 
├ 1 * i -1 * i0  = 0 
├ -1 * i  + 2 >= 0
├ 1 * j -3 >= 0
| 
]]
Invariant: [[ 
| 
├ 1 * i -1 * i0 -1 * cnt2  = 0 
├ 1 * j -1 * j0  = 0 
├ -1 * i  + 2 >= 0
├ 1 * j -3 >= 0
├ 1 * i -1 * i0  >= 0
| 
]]

Location: le
# of variables: 6
「 l: 14, n: 6, nd: 21 」
[ no initial condition set]
Disjunctive Invariant: [[ 
  
1 * j -1 * j0  = 0 
1 * i -3 = 0 
1 * i0  + 1 * cnt2 -3 = 0 
1 * j -3 >= 0
-1 * i0  + 2 >= 0
  
]]

/---------------------------------------- 
| Disjunctive Invariants before Program: 
----------------------------------------- 
True
\/
1 * i -1 * i0 -1 * cnt2  = 0 
1 * j -1 * j0  = 0 
-1 * i  + 2 >= 0
1 * j -3 >= 0
1 * i -1 * i0  >= 0
\---------------------------------------- 

/----------------------------- 
| Status after Solver: 
