< < < compute_invariants_by_propagation_with_farkas()
----------------------------- 
| The Locations read in are: 
----------------------------- 

Location: b1
# of variables: 14
「 l: 0, vars_num: 14, dual_num: 45 」
Initial Condition: [[ 
| 
├ 1 * i -1 * i0 -1 * cnt1  = 0 
├ 1 * k -1 * n0  = 0 
├ 1 * k -1 * n  = 0 
├ 1 * m -1 * m0  = 0 
├ -1 * i  + 1 * m  >= 0
├ 2 * k -1 * j  >= 0
├ 1 * k -1 * j0  >= 0
├ 1 * cnt2  >= 0
├ -1 * k  + 1 * j -1 >= 0
├ 1 * i -1 * i0 -1 * cnt2 -1 >= 0
| 
]]
Invariant: [[ 
| 
├ 1 * i -1 * i0 -1 * cnt1  = 0 
├ 1 * n -1 * n0  = 0 
├ 1 * m -1 * m0  = 0 
├ 2 * k -1 * j  >= 0
├ -1 * j0  + 1 * n  >= 0
├ 1 * cnt2  >= 0
├ 1 * j -1 * n -1 >= 0
├ 1 * i -1 * i0 -1 * cnt2 -1 >= 0
├ -1 * i  + 1 * m  >= 0
├ -1 * k  + 1 * n  >= 0
| 
]]

Location: b2
# of variables: 14
「 l: 15, vars_num: 14, dual_num: 45 」
Initial Condition: [[ 
| 
├ 1 * cnt2  = 0 
├ 1 * cnt1  = 0 
├ 1 * n -1 * n0  = 0 
├ 1 * m -1 * m0  = 0 
├ 1 * j -1 * j0  = 0 
├ 1 * k -1 * k0  = 0 
├ 1 * i -1 * i0  = 0 
├ -1 * i  + 1 * m  >= 0
├ -1 * j  + 1 * n  >= 0
| 
]]
Invariant: [[ 
| 
├ 1 * i -1 * i0 -1 * cnt1  = 0 
├ 1 * n -1 * n0  = 0 
├ 1 * m -1 * m0  = 0 
├ -1 * j  + 1 * n  >= 0
├ -1 * j0  + 1 * n  >= 0
├ 1 * cnt2  >= 0
├ 1 * i -1 * i0 -1 * cnt2  >= 0
├ -1 * i  + 1 * m  >= 0
| 
]]

Location: le
# of variables: 14
「 l: 30, vars_num: 14, dual_num: 45 」
[ no initial condition set]
Disjunctive Invariant: [[ 
  
1 * n -1 * n0  = 0 
1 * i -1 * m -1 = 0 
1 * i -1 * m0 -1 = 0 
1 * i -1 * i0 -1 * cnt1  = 0 
-1 * k  + 1 * j -1 >= 0
2 * k -1 * j  >= 0
-3 * k  + 1 * j  + 1 * n -1 >= 0
-1 * j0  + 1 * n  >= 0
1 * cnt2 -1 >= 0
1 * i -1 * i0 -1 * cnt2 -1 >= 0

\/

1 * i -1 * m -1 = 0 
1 * i -1 * m0 -1 = 0 
1 * i -1 * i0 -1 * cnt1  = 0 
1 * k -1 * n  = 0 
1 * n -1 * n0  = 0 
1 * cnt2  >= 0
1 * i -1 * i0 -1 * cnt2 -1 >= 0
-1 * j  + 2 * n  >= 0
-1 * j0  + 1 * n  >= 0
-1 * j  + 1 * n  >= 0
  
]]

/---------------------------------------- 
| Disjunctive Invariants before Program: 
----------------------------------------- 
1 * i -1 * i0 -1 * cnt1  = 0 
1 * n -1 * n0  = 0 
1 * m -1 * m0  = 0 
2 * k -1 * j  >= 0
-1 * j0  + 1 * n  >= 0
1 * cnt2  >= 0
1 * j -1 * n -1 >= 0
1 * i -1 * i0 -1 * cnt2 -1 >= 0
-1 * i  + 1 * m  >= 0
-1 * k  + 1 * n  >= 0
\/
1 * i -1 * i0 -1 * cnt1  = 0 
1 * n -1 * n0  = 0 
1 * m -1 * m0  = 0 
-1 * j  + 1 * n  >= 0
-1 * j0  + 1 * n  >= 0
1 * cnt2  >= 0
1 * i -1 * i0 -1 * cnt2  >= 0
-1 * i  + 1 * m  >= 0
\---------------------------------------- 

/----------------------------- 
| Status after Solver: 
