< < < compute_invariants_by_propagation_with_farkas()
----------------------------- 
| The Locations read in are: 
----------------------------- 

Location: B1
# of variables: 6
「 l: 0, vars_num: 6, dual_num: 35 」
Initial Condition: [[ 
| 
├ 34 * x -34 * x0 -3 * y  + 3 * y0 -63 * cnt1 -35 >= 0
├ -7 * x  + 7 * x0 -5 * y  + 5 * y0  + 96 * cnt1 -132 >= 0
├ -3 * x  + 3 * x0  + 1 * y -1 * y0  + 16 * cnt1  >= 0
├ -1 * x  + 29 >= 0
├ -1 * x  + 1 * y  + 12 >= 0
├ -1 * x0  + 1 * y0  >= 0
├ 1 * y -6 >= 0
├ 1 * x -1 * y -1 >= 0
├ 3 * x -3 * x0 -1 * y  + 1 * y0  + 4 * cnt1 -20 >= 0
├ 12 * x -12 * x0  + 1 * y -1 * y0 -14 * cnt1  >= 0
| 
]]
Invariant: [[ 
| 
├  True
| 
]]

Location: B2
# of variables: 6
「 l: 7, vars_num: 6, dual_num: 35 」
Initial Condition: [[ 
| 
├ 34 * x -34 * x0 -3 * y  + 3 * y0 -63 * cnt1 -35 >= 0
├ -7 * x  + 7 * x0 -5 * y  + 5 * y0  + 96 * cnt1 -132 >= 0
├ -3 * x  + 3 * x0  + 1 * y -1 * y0  + 16 * cnt1  >= 0
├ -1 * x  + 1 * y  + 12 >= 0
├ -1 * x0  + 1 * y0  >= 0
├ -1 * y  + 5 >= 0
├ 1 * x -1 * y -1 >= 0
├ 3 * x -3 * x0 -1 * y  + 1 * y0  + 4 * cnt1 -20 >= 0
├ 12 * x -12 * x0  + 1 * y -1 * y0 -14 * cnt1  >= 0
| 
]]
Invariant: [[ 
| 
├  True
| 
]]

Location: B3
# of variables: 6
「 l: 14, vars_num: 6, dual_num: 35 」
Initial Condition: [[ 
| 
├ 34 * x -34 * x0 -3 * y  + 3 * y0 -63 * cnt1 -35 >= 0
├ -7 * x  + 7 * x0 -5 * y  + 5 * y0  + 96 * cnt1 -132 >= 0
├ -3 * x  + 3 * x0  + 1 * y -1 * y0  + 16 * cnt1  >= 0
├ -1 * x  + 1 * y  + 12 >= 0
├ -1 * x0  + 1 * y0  >= 0
├ -1 * y  + 5 >= 0
├ 1 * x -1 * y -1 >= 0
├ 3 * x -3 * x0 -1 * y  + 1 * y0  + 4 * cnt1 -20 >= 0
├ 12 * x -12 * x0  + 1 * y -1 * y0 -14 * cnt1  >= 0
| 
]]
Invariant: [[ 
| 
├  True
| 
]]

Location: B4
# of variables: 6
「 l: 21, vars_num: 6, dual_num: 35 」
Initial Condition: [[ 
| 
├ 1 * cnt2  = 0 
├ 1 * cnt1  = 0 
├ 1 * y -1 * y0  = 0 
├ 1 * x -1 * x0  = 0 
├ -1 * x  + 29 >= 0
├ -1 * x  + 1 * y  >= 0
| 
]]
Invariant: [[ 
| 
├ -7 * x  + 7 * x0 -5 * y  + 5 * y0  + 96 * cnt1  >= 0
├ -3 * x  + 3 * x0  + 1 * y -1 * y0  + 16 * cnt1  >= 0
├ -1 * x  + 1 * y  >= 0
├ -1 * x0  + 1 * y0  >= 0
├ 3 * x -3 * x0 -1 * y  + 1 * y0  + 4 * cnt1  >= 0
├ 12 * x -12 * x0  + 1 * y -1 * y0 -14 * cnt1  >= 0
├ 34 * x -34 * x0 -3 * y  + 3 * y0 -63 * cnt1  >= 0
├ -1 * x  + 29 >= 0
| 
]]

Location: le
# of variables: 6
「 l: 28, vars_num: 6, dual_num: 35 」
[ no initial condition set]
Disjunctive Invariant: [[ 
  
1 * x -30 >= 0
-1 * x  + 31 >= 0
34 * x -34 * x0 -3 * y  + 3 * y0 -63 * cnt1 -35 >= 0
-1 * x  + 1 * y  + 12 >= 0
-1 * x0  + 1 * y0  >= 0
-7 * x  + 7 * x0 -5 * y  + 5 * y0  + 96 * cnt1 -132 >= 0
3 * x -3 * x0 -1 * y  + 1 * y0  + 4 * cnt1 -20 >= 0
-3 * x  + 3 * x0  + 1 * y -1 * y0  + 16 * cnt1  >= 0
12 * x -12 * x0  + 1 * y -1 * y0 -14 * cnt1  >= 0
  
]]

/---------------------------------------- 
| Disjunctive Invariants before Program: 
----------------------------------------- 
True
\/
True
\/
True
\/
-7 * x  + 7 * x0 -5 * y  + 5 * y0  + 96 * cnt1  >= 0
-3 * x  + 3 * x0  + 1 * y -1 * y0  + 16 * cnt1  >= 0
-1 * x  + 1 * y  >= 0
-1 * x0  + 1 * y0  >= 0
3 * x -3 * x0 -1 * y  + 1 * y0  + 4 * cnt1  >= 0
12 * x -12 * x0  + 1 * y -1 * y0 -14 * cnt1  >= 0
34 * x -34 * x0 -3 * y  + 3 * y0 -63 * cnt1  >= 0
-1 * x  + 29 >= 0
\---------------------------------------- 

/----------------------------- 
| Status after Solver: 
