< < < compute_invariants_by_propagation_with_farkas()
----------------------------- 
| The Locations read in are: 
----------------------------- 

Location: B1
# of variables: 6
「 l: 0, n: 6, nd: 35 」
Initial Condition: [[ 
| 
├ 25 * x -25 * x0  + 2 * y -6 * y0 -63 * cnt1 -29 >= 0
├ -36 * x  + 36 * x0  + 1 * y -18 * y0  + 144 * cnt1  + 79 >= 0
├ -6 * x  + 6 * x0  + 1 * y -3 * y0  + 24 * cnt1  + 4 >= 0
├ -1 * x  + 29 >= 0
├ -1 * x  + 1 * y  + 12 >= 0
├ -1 * y0  + 5 >= 0
├ 1 * cnt1 -1 >= 0
├ 1 * y -8 >= 0
├ 1 * x0 -1 * y0 -1 >= 0
├ 1 * x -1 * y -1 >= 0
├ 3 * x -1 * y -22 >= 0
├ 20 * x -20 * x0  + 10 * y0 -47 * cnt1 -73 >= 0
├ 25 * x -25 * x0 -63 * cnt1 -37 >= 0
| 
]]
Invariant: [[ 
| 
├  True
| 
]]

Location: B2
# of variables: 6
「 l: 7, n: 6, nd: 35 」
Initial Condition: [[ 
| 
├ 1 * cnt2  = 0 
├ 1 * cnt1  = 0 
├ 1 * y -1 * y0  = 0 
├ 1 * x -1 * x0  = 0 
├ -1 * x  + 29 >= 0
├ -1 * y  + 5 >= 0
├ 1 * x -1 * y -1 >= 0
| 
]]
Invariant: [[ 
| 
├ -2 * x  + 2 * x0  + 1 * y -1 * y0  + 8 * cnt1  >= 0
├ 1 * x -1 * y -1 >= 0
├ -1 * y0  + 5 >= 0
├ 1 * x0 -1 * y0 -1 >= 0
├ 20 * x -20 * x0 -10 * y  + 10 * y0 -47 * cnt1  >= 0
├ 25 * x -25 * x0 -63 * cnt1  >= 0
├ 25 * x -25 * x0  + 6 * y -6 * y0 -63 * cnt1  >= 0
├ -1 * x  + 29 >= 0
├ -1 * y  + 5 >= 0
| 
]]

Location: B3
# of variables: 6
「 l: 14, n: 6, nd: 35 」
Initial Condition: [[ 
| 
├  False
| 
]]
Invariant: [[ 
| 
├  True
| 
]]

Location: B4
# of variables: 6
「 l: 21, n: 6, nd: 35 」
Initial Condition: [[ 
| 
├ 25 * x -25 * x0 -63 * cnt1 -37 >= 0
├ -36 * x  + 36 * x0  + 1 * y -18 * y0  + 144 * cnt1  + 79 >= 0
├ -1 * x  + 29 >= 0
├ -1 * x  + 1 * y  >= 0
├ -1 * y0  + 5 >= 0
├ 1 * cnt1 -1 >= 0
├ 1 * x0 -1 * y0 -1 >= 0
├ 3 * x -1 * y -22 >= 0
├ 20 * x -20 * x0  + 10 * y0 -47 * cnt1 -73 >= 0
| 
]]
Invariant: [[ 
| 
├  True
| 
]]

Location: le
# of variables: 6
「 l: 28, n: 6, nd: 35 」
[ no initial condition set]
Disjunctive Invariant: [[ 
  
1 * x0 -1 * y0 -1 >= 0
1 * x -30 >= 0
-1 * x  + 1 * y  + 12 >= 0
-1 * y0  + 5 >= 0
-36 * x -75 * x0  + 1 * y -18 * y0 -189 * cnt1  + 3631 >= 0
-36 * x  + 36 * x0  + 1 * y -18 * y0  + 144 * cnt1  + 79 >= 0
25 * x -25 * x0 -63 * cnt1 -37 >= 0
1 * cnt1 -1 >= 0
3 * x -1 * y -22 >= 0
20 * x -20 * x0  + 10 * y0 -47 * cnt1 -73 >= 0
-25 * x0 -63 * cnt1  + 788 >= 0
  
]]

/---------------------------------------- 
| Disjunctive Invariants before Program: 
----------------------------------------- 
True
\/
-2 * x  + 2 * x0  + 1 * y -1 * y0  + 8 * cnt1  >= 0
1 * x -1 * y -1 >= 0
-1 * y0  + 5 >= 0
1 * x0 -1 * y0 -1 >= 0
20 * x -20 * x0 -10 * y  + 10 * y0 -47 * cnt1  >= 0
25 * x -25 * x0 -63 * cnt1  >= 0
25 * x -25 * x0  + 6 * y -6 * y0 -63 * cnt1  >= 0
-1 * x  + 29 >= 0
-1 * y  + 5 >= 0
\/
True
\/
True
\---------------------------------------- 

/----------------------------- 
| Status after Solver: 
